This is pdfTeX, Version 3.141592653-2.6-1.40.22 (MiKTeX 21.6.28) (preloaded format=pdflatex 2021.7.14)  14 OCT 2021 17:02
entering extended mode
**./Hauptdatei.tex
(Hauptdatei.tex
LaTeX2e <2021-06-01> patch level 1
L3 programming layer <2021-06-18>
(C:\Users\Christine\AppData\Local\Programs\MiKTeX\tex/latex/koma-script\scrartc
l.cls
Document Class: scrartcl 2021/03/17 v3.33 KOMA-Script document class (article)

(C:\Users\Christine\AppData\Local\Programs\MiKTeX\tex/latex/koma-script\scrkbas
e.sty
Package: scrkbase 2021/03/17 v3.33 KOMA-Script package (KOMA-Script-dependent b
asics and keyval usage)

(C:\Users\Christine\AppData\Local\Programs\MiKTeX\tex/latex/koma-script\scrbase
.sty
Package: scrbase 2021/03/17 v3.33 KOMA-Script package (KOMA-Script-independent 
basics and keyval usage)

(C:\Users\Christine\AppData\Local\Programs\MiKTeX\tex/latex/koma-script\scrlfil
e.sty
Package: scrlfile 2021/03/17 v3.33 KOMA-Script package (file load hooks)

(C:\Users\Christine\AppData\Local\Programs\MiKTeX\tex/latex/koma-script\scrlfil
e-hook.sty
Package: scrlfile-hook 2021/03/17 v3.33 KOMA-Script package (using LaTeX hooks)


(C:\Users\Christine\AppData\Local\Programs\MiKTeX\tex/latex/koma-script\scrlogo
.sty
Package: scrlogo 2021/03/17 v3.33 KOMA-Script package (logo)
)))
(C:\Users\Christine\AppData\Local\Programs\MiKTeX\tex/latex/graphics\keyval.sty
Package: keyval 2014/10/28 v1.15 key=value parser (DPC)
\KV@toks@=\toks16
)
Applying: [2021/05/01] Usage of raw option list on input line 252.
Already applied: [0000/00/00] compatibility for LaTeX before 2021/05/01 on inpu
t line 337.
))
(C:\Users\Christine\AppData\Local\Programs\MiKTeX\tex/latex/koma-script\tocbasi
c.sty
Package: tocbasic 2021/03/17 v3.33 KOMA-Script package (handling toc-files)
\scr@dte@tocline@numberwidth=\skip47
\scr@dte@tocline@numbox=\box50
)
Package tocbasic Info: babel extension for `toc' omitted
(tocbasic)             because of missing \bbl@set@language on input line 135.
Package scrartcl Info: You've used standard option `12pt'.
(scrartcl)             This is correct!
(scrartcl)             Internally I'm using `fontsize=12pt'.
(scrartcl)             If you'd like to set the option with \KOMAoptions,
(scrartcl)             you'd have to use `fontsize=12pt' there
(scrartcl)             instead of `12pt', too.
Class scrartcl Info: File `scrsize12pt.clo' used to setup font sizes on input l
ine 2239.

(C:\Users\Christine\AppData\Local\Programs\MiKTeX\tex/latex/koma-script\scrsize
12pt.clo
File: scrsize12pt.clo 2021/03/17 v3.33 KOMA-Script font size class option (12pt
)
)
(C:\Users\Christine\AppData\Local\Programs\MiKTeX\tex/latex/koma-script\typeare
a.sty
Package: typearea 2021/03/17 v3.33 KOMA-Script package (type area)
\ta@bcor=\skip48
\ta@div=\count182
Package typearea Info: You've used standard option `a4paper'.
(typearea)             This is correct!
(typearea)             Internally I'm using `paper=a4'.
(typearea)             If you'd like to set the option with \KOMAoptions,
(typearea)             you'd have to use `paper=a4' there
(typearea)             instead of `a4paper', too.
\ta@hblk=\skip49
\ta@vblk=\skip50
\ta@temp=\skip51
\footheight=\skip52
Package typearea Info: These are the values describing the layout:
(typearea)             DIV  = 12
(typearea)             BCOR = 0.0pt
(typearea)             \paperwidth      = 597.50793pt
(typearea)              \textwidth      = 448.13095pt
(typearea)              DIV departure   = -6%
(typearea)              \evensidemargin = 2.4185pt
(typearea)              \oddsidemargin  = 2.4185pt
(typearea)             \paperheight     = 845.04694pt
(typearea)              \textheight     = 606.5pt
(typearea)              \topmargin      = -1.84941pt
(typearea)              \headheight     = 18.125pt
(typearea)              \headsep        = 21.75pt
(typearea)              \topskip        = 12.0pt
(typearea)              \footskip       = 50.75pt
(typearea)              \baselineskip   = 14.5pt
(typearea)              on input line 1741.
)
\c@part=\count183
\c@section=\count184
\c@subsection=\count185
\c@subsubsection=\count186
\c@paragraph=\count187
\c@subparagraph=\count188
\scr@dte@section@maxnumwidth=\skip53
Class scrartcl Info: using compatibility default `runin=bysign'
(scrartcl)           for `\section on input line 4846.
Class scrartcl Info: using compatibility default `afterindent=bysign'
(scrartcl)           for `\section on input line 4846.
\scr@dte@part@maxnumwidth=\skip54
Class scrartcl Info: using compatibility default `afterindent=false'
(scrartcl)           for `\part on input line 4854.
\scr@dte@subsection@maxnumwidth=\skip55
Class scrartcl Info: using compatibility default `runin=bysign'
(scrartcl)           for `\subsection on input line 4864.
Class scrartcl Info: using compatibility default `afterindent=bysign'
(scrartcl)           for `\subsection on input line 4864.
\scr@dte@subsubsection@maxnumwidth=\skip56
Class scrartcl Info: using compatibility default `runin=bysign'
(scrartcl)           for `\subsubsection on input line 4874.
Class scrartcl Info: using compatibility default `afterindent=bysign'
(scrartcl)           for `\subsubsection on input line 4874.
\scr@dte@paragraph@maxnumwidth=\skip57
Class scrartcl Info: using compatibility default `runin=bysign'
(scrartcl)           for `\paragraph on input line 4885.
Class scrartcl Info: using compatibility default `afterindent=bysign'
(scrartcl)           for `\paragraph on input line 4885.
\scr@dte@subparagraph@maxnumwidth=\skip58
Class scrartcl Info: using compatibility default `runin=bysign'
(scrartcl)           for `\subparagraph on input line 4895.
Class scrartcl Info: using compatibility default `afterindent=bysign'
(scrartcl)           for `\subparagraph on input line 4895.
\abovecaptionskip=\skip59
\belowcaptionskip=\skip60
\c@pti@nb@sid@b@x=\box51
Package tocbasic Info: babel extension for `lof' omitted
(tocbasic)             because of missing \bbl@set@language on input line 6127.

\scr@dte@figure@maxnumwidth=\skip61
\c@figure=\count189
Package tocbasic Info: babel extension for `lot' omitted
(tocbasic)             because of missing \bbl@set@language on input line 6139.

\scr@dte@table@maxnumwidth=\skip62
\c@table=\count190
Class scrartcl Info: Redefining `\numberline' on input line 6303.
\bibindent=\dimen138
)
(C:\Users\Christine\AppData\Local\Programs\MiKTeX\tex/latex/base\inputenc.sty
Package: inputenc 2021/02/14 v1.3d Input encoding file
\inpenc@prehook=\toks17
\inpenc@posthook=\toks18
)
(latex_einstellungen/variablen.tex)
(C:\Users\Christine\AppData\Local\Programs\MiKTeX\tex/latex/graphics\graphicx.s
ty
Package: graphicx 2020/12/05 v1.2c Enhanced LaTeX Graphics (DPC,SPQR)

(C:\Users\Christine\AppData\Local\Programs\MiKTeX\tex/latex/graphics\graphics.s
ty
Package: graphics 2021/03/04 v1.4d Standard LaTeX Graphics (DPC,SPQR)

(C:\Users\Christine\AppData\Local\Programs\MiKTeX\tex/latex/graphics\trig.sty
Package: trig 2016/01/03 v1.10 sin cos tan (DPC)
)
(C:\Users\Christine\AppData\Local\Programs\MiKTeX\tex/latex/graphics-cfg\graphi
cs.cfg
File: graphics.cfg 2016/06/04 v1.11 sample graphics configuration
)
Package graphics Info: Driver file: pdftex.def on input line 107.

(C:\Users\Christine\AppData\Local\Programs\MiKTeX\tex/latex/graphics-def\pdftex
.def
File: pdftex.def 2020/10/05 v1.2a Graphics/color driver for pdftex
))
\Gin@req@height=\dimen139
\Gin@req@width=\dimen140
)
(C:\Users\Christine\AppData\Local\Programs\MiKTeX\tex/generic/babel\babel.sty
Package: babel 2021/06/02 3.60 The Babel package

(C:\Users\Christine\AppData\Local\Programs\MiKTeX\tex/generic/babel\babel.def
File: babel.def 2021/06/02 3.60 Babel common definitions
\babel@savecnt=\count191
\U@D=\dimen141
\l@unhyphenated=\language79

(C:\Users\Christine\AppData\Local\Programs\MiKTeX\tex/generic/babel\txtbabel.de
f)
\bbl@readstream=\read2
)
\bbl@dirlevel=\count192

*************************************
* Local config file bblopts.cfg used
*
(C:\Users\Christine\AppData\Local\Programs\MiKTeX\tex/latex/arabi\bblopts.cfg
File: bblopts.cfg 2005/09/08 v0.1 add Arabic and Farsi to "declared" options of
 babel
)
(C:\Users\Christine\AppData\Local\Programs\MiKTeX\tex/latex/babel-german\ngerma
n.ldf
Language: ngerman 2021/02/27 v2.13 German support for babel (post-1996 orthogra
phy)

(C:\Users\Christine\AppData\Local\Programs\MiKTeX\tex/latex/babel-german\ngerma
nb.ldf
Language: ngermanb 2021/02/27 v2.13 German support for babel (post-1996 orthogr
aphy)
Package babel Info: Making " an active character on input line 122.
)))
(C:\Users\Christine\AppData\Local\Programs\MiKTeX\tex/latex/eurosym\eurosym.sty
Package: eurosym 1998/08/06 v1.1 European currency symbol ``Euro''
\@eurobox=\box52
)
(C:\Users\Christine\AppData\Local\Programs\MiKTeX\tex/latex/tabto-ltx\tabto.sty
Package: tabto 2018/12/28  v 1.4  Another tabbing mechanism
\CurrentLineWidth=\dimen142
\TabPrevPos=\dimen143
) (C:\Users\Christine\AppData\Local\Programs\MiKTeX\tex/latex/base\fontenc.sty
Package: fontenc 2021/04/29 v2.0v Standard LaTeX package
) (C:\Users\Christine\AppData\Local\Programs\MiKTeX\tex/latex/lm\lmodern.sty
Package: lmodern 2009/10/30 v1.6 Latin Modern Fonts
LaTeX Font Info:    Overwriting symbol font `operators' in version `normal'
(Font)                  OT1/cmr/m/n --> OT1/lmr/m/n on input line 22.
LaTeX Font Info:    Overwriting symbol font `letters' in version `normal'
(Font)                  OML/cmm/m/it --> OML/lmm/m/it on input line 23.
LaTeX Font Info:    Overwriting symbol font `symbols' in version `normal'
(Font)                  OMS/cmsy/m/n --> OMS/lmsy/m/n on input line 24.
LaTeX Font Info:    Overwriting symbol font `largesymbols' in version `normal'
(Font)                  OMX/cmex/m/n --> OMX/lmex/m/n on input line 25.
LaTeX Font Info:    Overwriting symbol font `operators' in version `bold'
(Font)                  OT1/cmr/bx/n --> OT1/lmr/bx/n on input line 26.
LaTeX Font Info:    Overwriting symbol font `letters' in version `bold'
(Font)                  OML/cmm/b/it --> OML/lmm/b/it on input line 27.
LaTeX Font Info:    Overwriting symbol font `symbols' in version `bold'
(Font)                  OMS/cmsy/b/n --> OMS/lmsy/b/n on input line 28.
LaTeX Font Info:    Overwriting symbol font `largesymbols' in version `bold'
(Font)                  OMX/cmex/m/n --> OMX/lmex/m/n on input line 29.
LaTeX Font Info:    Overwriting math alphabet `\mathbf' in version `normal'
(Font)                  OT1/cmr/bx/n --> OT1/lmr/bx/n on input line 31.
LaTeX Font Info:    Overwriting math alphabet `\mathsf' in version `normal'
(Font)                  OT1/cmss/m/n --> OT1/lmss/m/n on input line 32.
LaTeX Font Info:    Overwriting math alphabet `\mathit' in version `normal'
(Font)                  OT1/cmr/m/it --> OT1/lmr/m/it on input line 33.
LaTeX Font Info:    Overwriting math alphabet `\mathtt' in version `normal'
(Font)                  OT1/cmtt/m/n --> OT1/lmtt/m/n on input line 34.
LaTeX Font Info:    Overwriting math alphabet `\mathbf' in version `bold'
(Font)                  OT1/cmr/bx/n --> OT1/lmr/bx/n on input line 35.
LaTeX Font Info:    Overwriting math alphabet `\mathsf' in version `bold'
(Font)                  OT1/cmss/bx/n --> OT1/lmss/bx/n on input line 36.
LaTeX Font Info:    Overwriting math alphabet `\mathit' in version `bold'
(Font)                  OT1/cmr/bx/it --> OT1/lmr/bx/it on input line 37.
LaTeX Font Info:    Overwriting math alphabet `\mathtt' in version `bold'
(Font)                  OT1/cmtt/m/n --> OT1/lmtt/m/n on input line 38.
)
(C:\Users\Christine\AppData\Local\Programs\MiKTeX\tex/latex/multirow\multirow.s
ty
Package: multirow 2021/03/15 v2.8 Span multiple rows of a table
\multirow@colwidth=\skip63
\multirow@cntb=\count193
\multirow@dima=\skip64
\bigstrutjot=\dimen144
)
(C:\Users\Christine\AppData\Local\Programs\MiKTeX\tex/latex/tools\longtable.sty
Package: longtable 2021-05-07 v4.16 Multi-page Table package (DPC)
\LTleft=\skip65
\LTright=\skip66
\LTpre=\skip67
\LTpost=\skip68
\LTchunksize=\count194
\LTcapwidth=\dimen145
\LT@head=\box53
\LT@firsthead=\box54
\LT@foot=\box55
\LT@lastfoot=\box56
\LT@gbox=\box57
\LT@cols=\count195
\LT@rows=\count196
\c@LT@tables=\count197
\c@LT@chunks=\count198
\LT@p@ftn=\toks19
)
Class scrartcl Info: longtable captions redefined on input line 37.

(C:\Users\Christine\AppData\Local\Programs\MiKTeX\tex/latex/geometry\geometry.s
ty
Package: geometry 2020/01/02 v5.9 Page Geometry

(C:\Users\Christine\AppData\Local\Programs\MiKTeX\tex/generic/iftex\ifvtex.sty
Package: ifvtex 2019/10/25 v1.7 ifvtex legacy package. Use iftex instead.

(C:\Users\Christine\AppData\Local\Programs\MiKTeX\tex/generic/iftex\iftex.sty
Package: iftex 2020/03/06 v1.0d TeX engine tests
))
\Gm@cnth=\count199
\Gm@cntv=\count266
\c@Gm@tempcnt=\count267
\Gm@bindingoffset=\dimen146
\Gm@wd@mp=\dimen147
\Gm@odd@mp=\dimen148
\Gm@even@mp=\dimen149
\Gm@layoutwidth=\dimen150
\Gm@layoutheight=\dimen151
\Gm@layouthoffset=\dimen152
\Gm@layoutvoffset=\dimen153
\Gm@dimlist=\toks20

(C:\Users\Christine\AppData\Local\Programs\MiKTeX\tex/latex/geometry\geometry.c
fg))
(C:\Users\Christine\AppData\Local\Programs\MiKTeX\tex/latex/caption\caption.sty
Package: caption 2020/10/26 v3.5g Customizing captions (AR)

(C:\Users\Christine\AppData\Local\Programs\MiKTeX\tex/latex/caption\caption3.st
y
Package: caption3 2020/10/21 v2.2e caption3 kernel (AR)
\captionmargin=\dimen154
\captionmargin@=\dimen155
\captionwidth=\dimen156
\caption@tempdima=\dimen157
\caption@indent=\dimen158
\caption@parindent=\dimen159
\caption@hangindent=\dimen160
Package caption Info: KOMA-Script document class detected.

(C:\Users\Christine\AppData\Local\Programs\MiKTeX\tex/latex/caption\caption-kom
a.sto
File: caption-koma.sto 2020/09/21 v2.0b Adaption of the caption package to the 
KOMA-Script document classes (AR)
))
\c@caption@flags=\count268
\c@continuedfloat=\count269
Package caption Info: longtable package is loaded.

(C:\Users\Christine\AppData\Local\Programs\MiKTeX\tex/latex/caption\ltcaption.s
ty
Package: ltcaption 2020/05/30 v1.4b longtable captions (AR)
))
(C:\Users\Christine\AppData\Local\Programs\MiKTeX\tex/latex/float\float.sty
Package: float 2001/11/08 v1.3d Float enhancements (AL)
\c@float@type=\count270
\float@exts=\toks21
\float@box=\box58
\@float@everytoks=\toks22
\@floatcapt=\box59
)
(C:\Users\Christine\AppData\Local\Programs\MiKTeX\tex/latex/fancybox\fancybox.s
ty
Package: fancybox 2010/05/15 1.4

Style option: `fancybox' v1.4 <2010/05/15> (tvz)
\@fancybox=\box60
\shadowsize=\dimen161
\@Sbox=\box61
\do@VerbBox=\toks23
\the@fancyput=\toks24
\this@fancyput=\toks25
\EndVerbatimTokens=\toks26
\Verbatim@Outfile=\write3
\Verbatim@Infile=\read3
) (C:\Users\Christine\AppData\Local\Programs\MiKTeX\tex/latex/url\url.sty
\Urlmuskip=\muskip16
Package: url 2013/09/16  ver 3.4  Verb mode for urls, etc.
)
(C:\Users\Christine\AppData\Local\Programs\MiKTeX\tex/latex/graphics\color.sty
Package: color 2020/02/24 v1.2b Standard LaTeX Color (DPC)

(C:\Users\Christine\AppData\Local\Programs\MiKTeX\tex/latex/graphics-cfg\color.
cfg
File: color.cfg 2016/01/02 v1.6 sample color configuration
)
Package color Info: Driver file: pdftex.def on input line 149.
)
(C:\Users\Christine\AppData\Local\Programs\MiKTeX\tex/latex/colortbl\colortbl.s
ty
Package: colortbl 2020/01/04 v1.0e Color table columns (DPC)
 (C:\Users\Christine\AppData\Local\Programs\MiKTeX\tex/latex/tools\array.sty
Package: array 2021/04/20 v2.5e Tabular extension package (FMi)
\col@sep=\dimen162
\ar@mcellbox=\box62
\extrarowheight=\dimen163
\NC@list=\toks27
\extratabsurround=\skip69
\backup@length=\skip70
\ar@cellbox=\box63
)
\everycr=\toks28
\minrowclearance=\skip71
)
(C:\Users\Christine\AppData\Local\Programs\MiKTeX\tex/latex/amsfonts\amssymb.st
y
Package: amssymb 2013/01/14 v3.01 AMS font symbols

(C:\Users\Christine\AppData\Local\Programs\MiKTeX\tex/latex/amsfonts\amsfonts.s
ty
Package: amsfonts 2013/01/14 v3.01 Basic AMSFonts support
\@emptytoks=\toks29
\symAMSa=\mathgroup4
\symAMSb=\mathgroup5
LaTeX Font Info:    Redeclaring math symbol \hbar on input line 98.
LaTeX Font Info:    Overwriting math alphabet `\mathfrak' in version `bold'
(Font)                  U/euf/m/n --> U/euf/b/n on input line 106.
))
(C:\Users\Christine\AppData\Local\Programs\MiKTeX\tex/latex/hyperref\hyperref.s
ty
Package: hyperref 2021-06-07 v7.00m Hypertext links for LaTeX

(C:\Users\Christine\AppData\Local\Programs\MiKTeX\tex/generic/ltxcmds\ltxcmds.s
ty
Package: ltxcmds 2020-05-10 v1.25 LaTeX kernel commands for general use (HO)
)
(C:\Users\Christine\AppData\Local\Programs\MiKTeX\tex/generic/pdftexcmds\pdftex
cmds.sty
Package: pdftexcmds 2020-06-27 v0.33 Utility functions of pdfTeX for LuaTeX (HO
)

(C:\Users\Christine\AppData\Local\Programs\MiKTeX\tex/generic/infwarerr\infware
rr.sty
Package: infwarerr 2019/12/03 v1.5 Providing info/warning/error messages (HO)
)
Package pdftexcmds Info: \pdf@primitive is available.
Package pdftexcmds Info: \pdf@ifprimitive is available.
Package pdftexcmds Info: \pdfdraftmode found.
)
(C:\Users\Christine\AppData\Local\Programs\MiKTeX\tex/generic/kvsetkeys\kvsetke
ys.sty
Package: kvsetkeys 2019/12/15 v1.18 Key value parser (HO)
)
(C:\Users\Christine\AppData\Local\Programs\MiKTeX\tex/generic/kvdefinekeys\kvde
finekeys.sty
Package: kvdefinekeys 2019-12-19 v1.6 Define keys (HO)
)
(C:\Users\Christine\AppData\Local\Programs\MiKTeX\tex/generic/pdfescape\pdfesca
pe.sty
Package: pdfescape 2019/12/09 v1.15 Implements pdfTeX's escape features (HO)
)
(C:\Users\Christine\AppData\Local\Programs\MiKTeX\tex/latex/hycolor\hycolor.sty
Package: hycolor 2020-01-27 v1.10 Color options for hyperref/bookmark (HO)
)
(C:\Users\Christine\AppData\Local\Programs\MiKTeX\tex/latex/letltxmacro\letltxm
acro.sty
Package: letltxmacro 2019/12/03 v1.6 Let assignment for LaTeX macros (HO)
)
(C:\Users\Christine\AppData\Local\Programs\MiKTeX\tex/latex/auxhook\auxhook.sty
Package: auxhook 2019-12-17 v1.6 Hooks for auxiliary files (HO)
)
(C:\Users\Christine\AppData\Local\Programs\MiKTeX\tex/latex/kvoptions\kvoptions
.sty
Package: kvoptions 2020-10-07 v3.14 Key value format for package options (HO)
)
\@linkdim=\dimen164
\Hy@linkcounter=\count271
\Hy@pagecounter=\count272

(C:\Users\Christine\AppData\Local\Programs\MiKTeX\tex/latex/hyperref\pd1enc.def
File: pd1enc.def 2021-06-07 v7.00m Hyperref: PDFDocEncoding definition (HO)
Now handling font encoding PD1 ...
... no UTF-8 mapping file for font encoding PD1
)
(C:\Users\Christine\AppData\Local\Programs\MiKTeX\tex/latex/hyperref\hyperref-l
angpatches.def
File: hyperref-langpatches.def 2021-06-07 v7.00m Hyperref: patches for babel la
nguages
)
(C:\Users\Christine\AppData\Local\Programs\MiKTeX\tex/generic/intcalc\intcalc.s
ty
Package: intcalc 2019/12/15 v1.3 Expandable calculations with integers (HO)
)
(C:\Users\Christine\AppData\Local\Programs\MiKTeX\tex/generic/etexcmds\etexcmds
.sty
Package: etexcmds 2019/12/15 v1.7 Avoid name clashes with e-TeX commands (HO)
)
\Hy@SavedSpaceFactor=\count273

(C:\Users\Christine\AppData\Local\Programs\MiKTeX\tex/latex/hyperref\puenc.def
File: puenc.def 2021-06-07 v7.00m Hyperref: PDF Unicode definition (HO)
Now handling font encoding PU ...
... no UTF-8 mapping file for font encoding PU
)
Package hyperref Info: Option `bookmarksnumbered' set `true' on input line 4073
.
Package hyperref Info: Option `hyperfootnotes' set `false' on input line 4073.
Package hyperref Info: Hyper figures OFF on input line 4192.
Package hyperref Info: Link nesting OFF on input line 4197.
Package hyperref Info: Hyper index ON on input line 4200.
Package hyperref Info: Plain pages OFF on input line 4207.
Package hyperref Info: Backreferencing OFF on input line 4212.
Package hyperref Info: Implicit mode ON; LaTeX internals redefined.
Package hyperref Info: Bookmarks ON on input line 4445.
\c@Hy@tempcnt=\count274
LaTeX Info: Redefining \url on input line 4804.
\XeTeXLinkMargin=\dimen165

(C:\Users\Christine\AppData\Local\Programs\MiKTeX\tex/generic/bitset\bitset.sty
Package: bitset 2019/12/09 v1.3 Handle bit-vector datatype (HO)

(C:\Users\Christine\AppData\Local\Programs\MiKTeX\tex/generic/bigintcalc\bigint
calc.sty
Package: bigintcalc 2019/12/15 v1.5 Expandable calculations on big integers (HO
)
))
\Fld@menulength=\count275
\Field@Width=\dimen166
\Fld@charsize=\dimen167
Package hyperref Info: Hyper figures OFF on input line 6076.
Package hyperref Info: Link nesting OFF on input line 6081.
Package hyperref Info: Hyper index ON on input line 6084.
Package hyperref Info: backreferencing OFF on input line 6091.
Package hyperref Info: Link coloring OFF on input line 6096.
Package hyperref Info: Link coloring with OCG OFF on input line 6101.
Package hyperref Info: PDF/A mode OFF on input line 6106.
LaTeX Info: Redefining \ref on input line 6146.
LaTeX Info: Redefining \pageref on input line 6150.

(C:\Users\Christine\AppData\Local\Programs\MiKTeX\tex/latex/base\atbegshi-ltx.s
ty
Package: atbegshi-ltx 2021/01/10 v1.0c Emulation of the original atbegshi
package with kernel methods
)
\Hy@abspage=\count276
\c@Item=\count277
)
Package hyperref Info: Driver (autodetected): hpdftex.

(C:\Users\Christine\AppData\Local\Programs\MiKTeX\tex/latex/hyperref\hpdftex.de
f
File: hpdftex.def 2021-06-07 v7.00m Hyperref driver for pdfTeX

(C:\Users\Christine\AppData\Local\Programs\MiKTeX\tex/latex/base\atveryend-ltx.
sty
Package: atveryend-ltx 2020/08/19 v1.0a Emulation of the original atvery packag
e
with kernel methods
)
\Fld@listcount=\count278
\c@bookmark@seq@number=\count279

(C:\Users\Christine\AppData\Local\Programs\MiKTeX\tex/latex/rerunfilecheck\reru
nfilecheck.sty
Package: rerunfilecheck 2019/12/05 v1.9 Rerun checks for auxiliary files (HO)

(C:\Users\Christine\AppData\Local\Programs\MiKTeX\tex/generic/uniquecounter\uni
quecounter.sty
Package: uniquecounter 2019/12/15 v1.4 Provide unlimited unique counter (HO)
)
Package uniquecounter Info: New unique counter `rerunfilecheck' on input line 2
86.
)
\Hy@SectionHShift=\skip72
)

Class scrartcl Warning: Usage of package `fancyhdr' together
(scrartcl)              with a KOMA-Script class is not recommended.
(scrartcl)              I'd suggest to use 
(scrartcl)              package `scrlayer' or `scrlayer-scrpage', because
(scrartcl)              they support KOMA-Script classes.
(scrartcl)              With `fancyhdr' several features of class `scrartcl'
(scrartcl)              like options `headsepline', `footsepline' or command
(scrartcl)              `\MakeMarkcase' and the commands `\setkomafont' and
(scrartcl)              `\addtokomafont' for the page style elements need
(scrartcl)              explicite user intervention to work.
(scrartcl)              Nevertheless, using requested
(scrartcl)              package `fancyhdr' on input line 78.


(C:\Users\Christine\AppData\Local\Programs\MiKTeX\tex/latex/fancyhdr\fancyhdr.s
ty
Package: fancyhdr 2021/01/28 v4.0.1 Extensive control of page headers and foote
rs
\f@nch@headwidth=\skip73
\f@nch@O@elh=\skip74
\f@nch@O@erh=\skip75
\f@nch@O@olh=\skip76
\f@nch@O@orh=\skip77
\f@nch@O@elf=\skip78
\f@nch@O@erf=\skip79
\f@nch@O@olf=\skip80
\f@nch@O@orf=\skip81
)
(C:\Users\Christine\AppData\Local\Programs\MiKTeX\tex/latex/setspace\setspace.s
ty
Package: setspace 2011/12/19 v6.7a set line spacing
)
(C:\Users\Christine\AppData\Local\Programs\MiKTeX\tex/latex/capt-of\capt-of.sty
Package: capt-of 2009/12/29 v0.2 standard captions outside of floats
) (C:\Users\Christine\AppData\Local\Programs\MiKTeX\tex/latex/base\makeidx.sty
Package: makeidx 2014/09/29 v1.0m Standard LaTeX package
)
\scr@dte@chapter@maxnumwidth=\skip82

(C:\Users\Christine\AppData\Local\Programs\MiKTeX\tex/latex/listings\listings.s
ty
\lst@mode=\count280
\lst@gtempboxa=\box64
\lst@token=\toks30
\lst@length=\count281
\lst@currlwidth=\dimen168
\lst@column=\count282
\lst@pos=\count283
\lst@lostspace=\dimen169
\lst@width=\dimen170
\lst@newlines=\count284
\lst@lineno=\count285
\lst@maxwidth=\dimen171

(C:\Users\Christine\AppData\Local\Programs\MiKTeX\tex/latex/listings\lstmisc.st
y
File: lstmisc.sty 2020/03/24 1.8d (Carsten Heinz)
\c@lstnumber=\count286
\lst@skipnumbers=\count287
\lst@framebox=\box65
)
(C:\Users\Christine\AppData\Local\Programs\MiKTeX\tex/latex/listings\listings.c
fg
File: listings.cfg 2020/03/24 1.8d listings configuration
))
Package: listings 2020/03/24 1.8d (Carsten Heinz)

(C:\Users\Christine\AppData\Local\Programs\MiKTeX\tex/latex/listings\lstlang1.s
ty
File: lstlang1.sty 2020/03/24 1.8d listings language file
)
(C:\Users\Christine\AppData\Local\Programs\MiKTeX\tex/latex/xcolor\xcolor.sty
Package: xcolor 2016/05/11 v2.12 LaTeX color extensions (UK)

(C:\Users\Christine\AppData\Local\Programs\MiKTeX\tex/latex/graphics-cfg\color.
cfg
File: color.cfg 2016/01/02 v1.6 sample color configuration
)
Package xcolor Info: Driver file: pdftex.def on input line 225.
LaTeX Info: Redefining \color on input line 709.
Package xcolor Info: Model `cmy' substituted by `cmy0' on input line 1348.
Package xcolor Info: Model `hsb' substituted by `rgb' on input line 1352.
Package xcolor Info: Model `RGB' extended on input line 1364.
Package xcolor Info: Model `HTML' substituted by `rgb' on input line 1366.
Package xcolor Info: Model `Hsb' substituted by `hsb' on input line 1367.
Package xcolor Info: Model `tHsb' substituted by `hsb' on input line 1368.
Package xcolor Info: Model `HSB' substituted by `hsb' on input line 1369.
Package xcolor Info: Model `Gray' substituted by `gray' on input line 1370.
Package xcolor Info: Model `wave' substituted by `hsb' on input line 1371.
)
\@indexfile=\write4
\openout4 = `Hauptdatei.idx'.


Writing index file Hauptdatei.idx

(C:\Users\Christine\AppData\Local\Programs\MiKTeX\tex/latex/nomencl\nomencl.sty
Package: nomencl 2020/12/29 v5.5 Nomenclature package

(C:\Users\Christine\AppData\Local\Programs\MiKTeX\tex/latex/xkeyval\xkeyval.sty
Package: xkeyval 2020/11/20 v2.8 package option processing (HA)

(C:\Users\Christine\AppData\Local\Programs\MiKTeX\tex/generic/xkeyval\xkeyval.t
ex
(C:\Users\Christine\AppData\Local\Programs\MiKTeX\tex/generic/xkeyval\xkvutils.
tex
\XKV@toks=\toks31
\XKV@tempa@toks=\toks32
)
\XKV@depth=\count288
File: xkeyval.tex 2014/12/03 v2.7a key=value parser (HA)
))
(C:\Users\Christine\AppData\Local\Programs\MiKTeX\tex/latex/base\ifthen.sty
Package: ifthen 2020/11/24 v1.1c Standard LaTeX ifthen package (DPC)
)
Package tocbasic Info: setting babel extension for `nlo' on input line 187.
Package tocbasic Info: setting babel extension for `nls' on input line 188.
\nomlabelwidth=\dimen172
\nom@tempdim=\dimen173
\nomitemsep=\skip83
)
\@nomenclaturefile=\write5
\openout5 = `Hauptdatei.nlo'.

Package nomencl Info: Writing nomenclature file Hauptdatei.nlo on input line 17
6.
LaTeX Font Info:    Trying to load font information for T1+lmr on input line 19
4.

(C:\Users\Christine\AppData\Local\Programs\MiKTeX\tex/latex/lm\t1lmr.fd
File: t1lmr.fd 2009/10/30 v1.6 Font defs for Latin Modern
)
(C:\Users\Christine\AppData\Local\Programs\MiKTeX\tex/latex/l3backend\l3backend
-pdftex.def
File: l3backend-pdftex.def 2021-05-07 L3 backend support: PDF output (pdfTeX)
\l__color_backend_stack_int=\count289
\l__pdf_internal_box=\box66
) (Hauptdatei.aux

LaTeX Warning: Label `lst:main-screen.component' multiply defined.

)
\openout1 = `Hauptdatei.aux'.

LaTeX Font Info:    Checking defaults for OML/cmm/m/it on input line 194.
LaTeX Font Info:    ... okay on input line 194.
LaTeX Font Info:    Checking defaults for OMS/cmsy/m/n on input line 194.
LaTeX Font Info:    ... okay on input line 194.
LaTeX Font Info:    Checking defaults for OT1/cmr/m/n on input line 194.
LaTeX Font Info:    ... okay on input line 194.
LaTeX Font Info:    Checking defaults for T1/cmr/m/n on input line 194.
LaTeX Font Info:    ... okay on input line 194.
LaTeX Font Info:    Checking defaults for TS1/cmr/m/n on input line 194.
LaTeX Font Info:    ... okay on input line 194.
LaTeX Font Info:    Checking defaults for OMX/cmex/m/n on input line 194.
LaTeX Font Info:    ... okay on input line 194.
LaTeX Font Info:    Checking defaults for U/cmr/m/n on input line 194.
LaTeX Font Info:    ... okay on input line 194.
LaTeX Font Info:    Checking defaults for PD1/pdf/m/n on input line 194.
LaTeX Font Info:    ... okay on input line 194.
LaTeX Font Info:    Checking defaults for PU/pdf/m/n on input line 194.
LaTeX Font Info:    ... okay on input line 194.

(C:\Users\Christine\AppData\Local\Programs\MiKTeX\tex/context/base/mkii\supp-pd
f.mkii
[Loading MPS to PDF converter (version 2006.09.02).]
\scratchcounter=\count290
\scratchdimen=\dimen174
\scratchbox=\box67
\nofMPsegments=\count291
\nofMParguments=\count292
\everyMPshowfont=\toks33
\MPscratchCnt=\count293
\MPscratchDim=\dimen175
\MPnumerator=\count294
\makeMPintoPDFobject=\count295
\everyMPtoPDFconversion=\toks34
)
(C:\Users\Christine\AppData\Local\Programs\MiKTeX\tex/latex/epstopdf-pkg\epstop
df-base.sty
Package: epstopdf-base 2020-01-24 v2.11 Base part for package epstopdf
Package epstopdf-base Info: Redefining graphics rule for `.eps' on input line 4
85.

(C:\Users\Christine\AppData\Local\Programs\MiKTeX\tex/latex/00miktex\epstopdf-s
ys.cfg
File: epstopdf-sys.cfg 2021/03/18 v2.0 Configuration of epstopdf for MiKTeX
))
*geometry* driver: auto-detecting
*geometry* detected driver: pdftex
*geometry* verbose mode - [ preamble ] result:
* driver: pdftex
* paper: a4paper
* layout: <same size as paper>
* layoutoffset:(h,v)=(0.0pt,0.0pt)
* modes: 
* h-part:(L,W,R)=(99.58464pt, 441.01773pt, 56.9055pt)
* v-part:(T,H,B)=(71.13188pt, 717.00946pt, 56.9055pt)
* \paperwidth=597.50787pt
* \paperheight=845.04684pt
* \textwidth=441.01773pt
* \textheight=717.00946pt
* \oddsidemargin=27.31465pt
* \evensidemargin=27.31465pt
* \topmargin=-41.0131pt
* \headheight=18.125pt
* \headsep=21.75pt
* \topskip=12.0pt
* \footskip=50.75pt
* \marginparwidth=49.79233pt
* \marginparsep=12.8401pt
* \columnsep=10.0pt
* \skip\footins=10.8pt plus 4.0pt minus 2.0pt
* \hoffset=0.0pt
* \voffset=0.0pt
* \mag=1000
* \@twocolumnfalse
* \@twosidefalse
* \@mparswitchfalse
* \@reversemarginfalse
* (1in=72.27pt=25.4mm, 1cm=28.453pt)

Package caption Info: Begin \AtBeginDocument code.
Package caption Info: float package is loaded.
Package caption Info: hyperref package is loaded.
Package caption Info: listings package is loaded.
Package caption Info: End \AtBeginDocument code.
Package hyperref Info: Link coloring OFF on input line 194.

(C:\Users\Christine\AppData\Local\Programs\MiKTeX\tex/latex/hyperref\nameref.st
y
Package: nameref 2021-04-02 v2.47 Cross-referencing by name of section

(C:\Users\Christine\AppData\Local\Programs\MiKTeX\tex/latex/refcount\refcount.s
ty
Package: refcount 2019/12/15 v3.6 Data extraction from label references (HO)
)
(C:\Users\Christine\AppData\Local\Programs\MiKTeX\tex/generic/gettitlestring\ge
ttitlestring.sty
Package: gettitlestring 2019/12/15 v1.6 Cleanup title references (HO)
)
\c@section@level=\count296
)
LaTeX Info: Redefining \ref on input line 194.
LaTeX Info: Redefining \pageref on input line 194.
LaTeX Info: Redefining \nameref on input line 194.
 (Hauptdatei.out) (Hauptdatei.out)
\@outlinefile=\write6
\openout6 = `Hauptdatei.out'.

Class scrartcl Info: loading recommended package `bookmark'.
(scrartcl)           Using `bookmark' together with `hyperref' is recommended,
(scrartcl)           because of handling of possible bookmark level gaps.
(scrartcl)           You can avoid loading `bookmark' with KOMA-Script option
(scrartcl)           `bookmarkpackage=false' before \begin{document} and
(scrartcl)           you can avoid this message adding:
(scrartcl)             \usepackage{bookmark}
(scrartcl)           before \begin{document} on input line 194.

(C:\Users\Christine\AppData\Local\Programs\MiKTeX\tex/latex/bookmark\bookmark.s
ty
Package: bookmark 2020-11-06 v1.29 PDF bookmarks (HO)

(C:\Users\Christine\AppData\Local\Programs\MiKTeX\tex/latex/bookmark\bkm-pdftex
.def
File: bkm-pdftex.def 2020-11-06 v1.29 bookmark driver for pdfTeX (HO)
\BKM@id=\count297
))
\c@lstlisting=\count298
 (latex_einstellungen/trennung.tex) (latex_einstellungen/deckblatt.tex
<abb/Allgemeines_Logo_Hochschule_Emden.jpg, id=3, 231.9867pt x 77.8107pt>
File: abb/Allgemeines_Logo_Hochschule_Emden.jpg Graphic file (type jpg)
<use abb/Allgemeines_Logo_Hochschule_Emden.jpg>
Package pdftex.def Info: abb/Allgemeines_Logo_Hochschule_Emden.jpg  used on inp
ut line 6.
(pdftex.def)             Requested size: 264.61333pt x 88.75972pt.
LaTeX Font Info:    Trying to load font information for T1+lmtt on input line 1
0.

(C:\Users\Christine\AppData\Local\Programs\MiKTeX\tex/latex/lm\t1lmtt.fd
File: t1lmtt.fd 2009/10/30 v1.6 Font defs for Latin Modern
)
LaTeX Font Info:    Trying to load font information for OT1+lmr on input line 4
5.

(C:\Users\Christine\AppData\Local\Programs\MiKTeX\tex/latex/lm\ot1lmr.fd
File: ot1lmr.fd 2009/10/30 v1.6 Font defs for Latin Modern
)
LaTeX Font Info:    Trying to load font information for OML+lmm on input line 4
5.

(C:\Users\Christine\AppData\Local\Programs\MiKTeX\tex/latex/lm\omllmm.fd
File: omllmm.fd 2009/10/30 v1.6 Font defs for Latin Modern
)
LaTeX Font Info:    Trying to load font information for OMS+lmsy on input line 
45.

(C:\Users\Christine\AppData\Local\Programs\MiKTeX\tex/latex/lm\omslmsy.fd
File: omslmsy.fd 2009/10/30 v1.6 Font defs for Latin Modern
)
LaTeX Font Info:    Trying to load font information for OMX+lmex on input line 
45.

(C:\Users\Christine\AppData\Local\Programs\MiKTeX\tex/latex/lm\omxlmex.fd
File: omxlmex.fd 2009/10/30 v1.6 Font defs for Latin Modern
)
LaTeX Font Info:    External font `lmex10' loaded for size
(Font)              <12> on input line 45.
LaTeX Font Info:    External font `lmex10' loaded for size
(Font)              <8> on input line 45.
LaTeX Font Info:    External font `lmex10' loaded for size
(Font)              <6> on input line 45.
LaTeX Font Info:    Trying to load font information for U+msa on input line 45.


(C:\Users\Christine\AppData\Local\Programs\MiKTeX\tex/latex/amsfonts\umsa.fd
File: umsa.fd 2013/01/14 v3.01 AMS symbols A
)
LaTeX Font Info:    Trying to load font information for U+msb on input line 45.


(C:\Users\Christine\AppData\Local\Programs\MiKTeX\tex/latex/amsfonts\umsb.fd
File: umsb.fd 2013/01/14 v3.01 AMS symbols B
))
[1

{C:/Users/Christine/AppData/Local/MiKTeX/pdftex/config/pdftex.map} <./abb/Allge
meines_Logo_Hochschule_Emden.jpg>] (0_abstract.tex
LaTeX Font Info:    Trying to load font information for T1+lmss on input line 1
.

(C:\Users\Christine\AppData\Local\Programs\MiKTeX\tex/latex/lm\t1lmss.fd
File: t1lmss.fd 2009/10/30 v1.6 Font defs for Latin Modern
)
Overfull \hbox (21.91818pt too wide) in paragraph at lines 3--19
\T1/lmr/m/n/12 Die vor-lie-gen-de Ar-beit, be-schäf-tigt sich mit der Ent-wick-
lung ei-ner Client-Server-Architektur
 []


Underfull \hbox (badness 10000) in paragraph at lines 3--19

 []


Underfull \hbox (badness 10000) in paragraph at lines 3--19

 []


Underfull \hbox (badness 10000) in paragraph at lines 3--19

 []


Underfull \hbox (badness 10000) in paragraph at lines 3--19

 []


Underfull \hbox (badness 10000) in paragraph at lines 3--19

 []

) [2] (Hauptdatei.tocpdfTeX warning (ext4): destination with the same identifie
r (name{page.i}) has been already used, duplicate ignored
<to be read again> 
                   \relax 
l.42 ...berline {7.2}Ausblick}{50}{subsection.7.2}
                                                  % [1])
\tf@toc=\write7
\openout7 = `Hauptdatei.toc'.

pdfTeX warning (ext4): destination with the same identifier (name{page.ii}) has
 been already used, duplicate ignored
<to be read again> 
                   \relax 
l.233 \newpage
               [2] (Hauptdatei.lof)
\tf@lof=\write8
\openout8 = `Hauptdatei.lof'.

 [3] (Hauptdatei.lot)
\tf@lot=\write9
\openout9 = `Hauptdatei.lot'.

 [4]

Class scrartcl Warning: \float@listhead detected!
(scrartcl)              Implementation of \float@listhead became
(scrartcl)              deprecated in KOMA-Script v3.01 2008/11/14 and
(scrartcl)              has been replaced by several more flexible
(scrartcl)              features of package `tocbasic`.
(scrartcl)              Maybe implementation of \float@listhead will
(scrartcl)              be removed from KOMA-Script soon.
(scrartcl)              Loading of package `scrhack' may help to
(scrartcl)              avoid this warning, if you are using a
(scrartcl)              a package that still implements the
(scrartcl)              deprecated \float@listhead interface on input line 277.


(Hauptdatei.lol)
\tf@lol=\write10
\openout10 = `Hauptdatei.lol'.

 [5] (latex_einstellungen/abkuezungen/abkuerzungen.tex)
No file Hauptdatei.nls.
(1_einleitung.tex)
Underfull \hbox (badness 10000) in paragraph at lines 2--312

 []


Underfull \hbox (badness 10000) in paragraph at lines 2--312

 []


Underfull \hbox (badness 10000) in paragraph at lines 2--312

 []


Underfull \hbox (badness 10000) in paragraph at lines 2--312

 []

[1] (2_grundlagen.tex
<abb/Kartoffelkiste.jpg, id=261, 225.84375pt x 301.125pt>
File: abb/Kartoffelkiste.jpg Graphic file (type jpg)
<use abb/Kartoffelkiste.jpg>
Package pdftex.def Info: abb/Kartoffelkiste.jpg  used on input line 22.
(pdftex.def)             Requested size: 132.30666pt x 176.417pt.

Underfull \hbox (badness 10000) in paragraph at lines 14--26

 []

<abb/Eierhaus.jpeg, id=264, 1204.5pt x 1606.0pt>
File: abb/Eierhaus.jpeg Graphic file (type jpg)
<use abb/Eierhaus.jpeg>
Package pdftex.def Info: abb/Eierhaus.jpeg  used on input line 30.
(pdftex.def)             Requested size: 132.30666pt x 176.39098pt.

LaTeX Warning: `h' float specifier changed to `ht'.


Underfull \hbox (badness 10000) in paragraph at lines 36--44

 []


Underfull \hbox (badness 10000) in paragraph at lines 36--44

 []

[2 <./abb/Kartoffelkiste.jpg>]
<abb/urproduktion.png, id=280, 498.36188pt x 383.18156pt>
File: abb/urproduktion.png Graphic file (type png)
<use abb/urproduktion.png>
Package pdftex.def Info: abb/urproduktion.png  used on input line 64.
(pdftex.def)             Requested size: 352.81552pt x 271.27733pt.

Underfull \hbox (badness 10000) in paragraph at lines 50--68

 []


Underfull \hbox (badness 10000) in paragraph at lines 50--68

 []


Underfull \hbox (badness 10000) in paragraph at lines 50--68

 []


LaTeX Warning: `h' float specifier changed to `ht'.

[3 <./abb/Eierhaus.jpeg>]
LaTeX Font Info:    Trying to load font information for TS1+lmr on input line 7
6.

(C:\Users\Christine\AppData\Local\Programs\MiKTeX\tex/latex/lm\ts1lmr.fd
File: ts1lmr.fd 2009/10/30 v1.6 Font defs for Latin Modern
)
Underfull \hbox (badness 10000) in paragraph at lines 82--90

 []


Underfull \hbox (badness 10000) in paragraph at lines 82--90

 []

[4 <./abb/urproduktion.png>]
<abb/versteuerung.png, id=302, 531.48563pt x 211.54031pt>
File: abb/versteuerung.png Graphic file (type png)
<use abb/versteuerung.png>
Package pdftex.def Info: abb/versteuerung.png  used on input line 93.
(pdftex.def)             Requested size: 441.01773pt x 175.53644pt.

Underfull \hbox (badness 10000) in paragraph at lines 99--103

 []


Underfull \hbox (badness 10000) in paragraph at lines 110--122

 []


Underfull \hbox (badness 10000) in paragraph at lines 110--122

 []

[5 <./abb/versteuerung.png>]
<abb/Client-Server-Grundlagen.png, id=317, 683.55376pt x 161.60374pt>
File: abb/Client-Server-Grundlagen.png Graphic file (type png)
<use abb/Client-Server-Grundlagen.png>
Package pdftex.def Info: abb/Client-Server-Grundlagen.png  used on input line 1
25.
(pdftex.def)             Requested size: 441.01773pt x 104.26689pt.
LaTeX Font Info:    External font `lmex10' loaded for size
(Font)              <10> on input line 138.
LaTeX Font Info:    External font `lmex10' loaded for size
(Font)              <7> on input line 138.
LaTeX Font Info:    External font `lmex10' loaded for size
(Font)              <5> on input line 138.
 [6 <./abb/Client-Server-Grundlagen.png>]
Underfull \hbox (badness 10000) in paragraph at lines 156--162

 []


Underfull \hbox (badness 10000) in paragraph at lines 156--162

 []

Package hyperref Info: bookmark level for unknown lstlisting defaults to 0 on i
nput line 162.
[7]
Underfull \hbox (badness 10000) in paragraph at lines 192--196

 []


Underfull \hbox (badness 10000) in paragraph at lines 210--228

 []


Underfull \hbox (badness 10000) in paragraph at lines 210--228

 []


Underfull \hbox (badness 10000) in paragraph at lines 210--228

 []


Underfull \hbox (badness 10000) in paragraph at lines 210--228

 []


Underfull \hbox (badness 10000) in paragraph at lines 210--228

 []


Underfull \hbox (badness 10000) in paragraph at lines 210--228

 []


Underfull \hbox (badness 10000) in paragraph at lines 210--228

 []


Underfull \hbox (badness 10000) in paragraph at lines 210--228

 []


Underfull \hbox (badness 10000) in paragraph at lines 210--228

 []

[8] [9] [10]
Underfull \hbox (badness 4429) in paragraph at lines 405--405
[]\T1/lmr/m/n/12 50 % we-ni-ger Ren-der-zeit: im Ver-gleich zu an-de-ren
 []

[11] [12]
Overfull \hbox (14.31491pt too wide) in alignment at lines 424--471
 [] [] [] 
 []


Underfull \hbox (badness 1917) in paragraph at lines 517--517
\T1/lmr/m/n/12 ten-na-me1, Spal-ten-na-me2, ... ) VA-
 []


Underfull \hbox (badness 10000) in paragraph at lines 474--528

 []


Underfull \hbox (badness 10000) in paragraph at lines 474--528

 []


Underfull \hbox (badness 10000) in paragraph at lines 474--528

 []


Underfull \hbox (badness 10000) in paragraph at lines 474--528

 []


Underfull \hbox (badness 10000) in paragraph at lines 474--528

 []


Underfull \hbox (badness 10000) in paragraph at lines 474--528

 []


Underfull \hbox (badness 10000) in paragraph at lines 474--528

 []


Underfull \hbox (badness 10000) in paragraph at lines 474--528

 []


Underfull \hbox (badness 10000) in paragraph at lines 474--528

 []


Underfull \hbox (badness 10000) in paragraph at lines 474--528

 []

[13] [14]
Underfull \hbox (badness 3623) in paragraph at lines 536--536
\T1/lmr/m/n/12 ten-na-me1 Da-ten-typ1, Spal-ten-na-me2
 []


Underfull \hbox (badness 1931) in paragraph at lines 540--540
[]|\T1/lmr/m/n/12 ALTER TA-BLE Ta-bel-lena-me ADD
 []

) [15] (3_anforderungsanalyse.tex
Underfull \hbox (badness 10000) in paragraph at lines 3--8

 []


Underfull \hbox (badness 10000) in paragraph at lines 16--34

 []


Underfull \hbox (badness 10000) in paragraph at lines 16--34

 []


Underfull \hbox (badness 10000) in paragraph at lines 16--34

 []


Underfull \hbox (badness 10000) in paragraph at lines 16--34

 []


Underfull \hbox (badness 10000) in paragraph at lines 16--34

 []


Underfull \hbox (badness 10000) in paragraph at lines 37--42

 []

[16]
Underfull \hbox (badness 10000) in paragraph at lines 86--91

 []

[17]
Underfull \hbox (badness 10000) in paragraph at lines 127--129

 []

[18]
Underfull \hbox (badness 10000) in paragraph at lines 154--156

 []

) [19] (4_konzeption.tex
Underfull \hbox (badness 10000) in paragraph at lines 8--14

 []


Underfull \hbox (badness 10000) in paragraph at lines 8--14

 []


Underfull \hbox (badness 10000) in paragraph at lines 8--14

 []

<abb/Komponentendiagramm.png, id=514, 1179.40625pt x 648.4225pt>
File: abb/Komponentendiagramm.png Graphic file (type png)
<use abb/Komponentendiagramm.png>
Package pdftex.def Info: abb/Komponentendiagramm.png  used on input line 17.
(pdftex.def)             Requested size: 441.01773pt x 242.46524pt.

Underfull \hbox (badness 10000) in paragraph at lines 22--40

 []


Underfull \hbox (badness 10000) in paragraph at lines 22--40

 []

[20 <./abb/Komponentendiagramm.png>]
Underfull \hbox (badness 10000) in paragraph at lines 48--60

 []


Overfull \hbox (0.90007pt too wide) in paragraph at lines 48--60
\T1/lmr/m/n/12 bein-hal-tet En-ti-tä-ten, At-tri-bu-te, Be-zie-hun-gen, Pri-mär
-schlüs-seln, zu-sam-men-ge-setz-te Pri-
 []

<abb/ER-Modell.png, id=522, 787.94376pt x 808.01875pt>
File: abb/ER-Modell.png Graphic file (type png)
<use abb/ER-Modell.png>
Package pdftex.def Info: abb/ER-Modell.png  used on input line 63.
(pdftex.def)             Requested size: 441.01773pt x 452.25316pt.
[21]
Underfull \hbox (badness 10000) in paragraph at lines 86--95

 []


Underfull \hbox (badness 10000) in paragraph at lines 86--95

 []

[22 <./abb/ER-Modell.png>] [23]
Underfull \hbox (badness 10000) in paragraph at lines 204--206

 []


Underfull \hbox (badness 10000) in paragraph at lines 208--212

 []


Underfull \hbox (badness 10000) in paragraph at lines 249--253

 []


Underfull \hbox (badness 10000) in paragraph at lines 257--262

 []

[24]
<abb/Paketdiagramm.png, id=563, 831.105pt x 657.45625pt>
File: abb/Paketdiagramm.png Graphic file (type png)
<use abb/Paketdiagramm.png>
Package pdftex.def Info: abb/Paketdiagramm.png  used on input line 265.
(pdftex.def)             Requested size: 441.01773pt x 348.87149pt.

Underfull \hbox (badness 10000) in paragraph at lines 271--304

 []


Underfull \hbox (badness 10000) in paragraph at lines 271--304

 []


Underfull \hbox (badness 10000) in paragraph at lines 271--304

 []


Underfull \hbox (badness 10000) in paragraph at lines 271--304

 []


Underfull \hbox (badness 10000) in paragraph at lines 271--304

 []


Underfull \hbox (badness 10000) in paragraph at lines 271--304

 []


Underfull \hbox (badness 10000) in paragraph at lines 271--304

 []


Underfull \hbox (badness 10000) in paragraph at lines 271--304

 []

[25 <./abb/Paketdiagramm.png>]
Underfull \hbox (badness 10000) in paragraph at lines 308--318

 []

[26]
Underfull \hbox (badness 10000) in paragraph at lines 325--336

 []


Underfull \hbox (badness 10000) in paragraph at lines 347--354

 []

[27]
Underfull \hbox (badness 10000) in paragraph at lines 364--373

 []


Overfull \hbox (5.5942pt too wide) in paragraph at lines 384--395
\T1/lmr/m/n/12 gang hin-zu-ge-fügt. PUT/re-ceip-t/ än-dert die-sen und DE-LE-TE
/re-ceip-t/{receiptGoodsNr}
 []


Underfull \hbox (badness 10000) in paragraph at lines 384--395

 []

[28]
Underfull \hbox (badness 10000) in paragraph at lines 401--408

 []


Overfull \hbox (34.69547pt too wide) in paragraph at lines 413--414
[]\T1/lmr/m/n/12 DELETE /selfS-er-vice-Stan-d/{removeUserName}/{userName}/{self
ServiceStandName} 
 []


Overfull \hbox (3.01749pt too wide) in paragraph at lines 418--429
\T1/lmr/m/n/12 Selbst-be-die-nungs-stand wird mit der Schnitt-stel-le POST/-sel
fS-er-vice-Stan-d/{userName}/
 []


Underfull \hbox (badness 10000) in paragraph at lines 418--429

 []


Underfull \hbox (badness 10000) in paragraph at lines 437--446

 []

[29]
<abb/login.png, id=590, 761.84625pt x 411.78844pt>
File: abb/login.png Graphic file (type png)
<use abb/login.png>
Package pdftex.def Info: abb/login.png  used on input line 474.
(pdftex.def)             Requested size: 441.01773pt x 238.37248pt.
 [30]
<abb/hauptm.png, id=600, 843.90282pt x 313.9228pt>
File: abb/hauptm.png Graphic file (type png)
<use abb/hauptm.png>
Package pdftex.def Info: abb/hauptm.png  used on input line 487.
(pdftex.def)             Requested size: 441.01773pt x 164.0551pt.

Underfull \hbox (badness 10000) in paragraph at lines 492--502

 []

[31 <./abb/login.png> <./abb/hauptm.png>]
<abb/kompo.png, id=608, 1054.94125pt x 583.17876pt>
File: abb/kompo.png Graphic file (type png)
<use abb/kompo.png>
Package pdftex.def Info: abb/kompo.png  used on input line 511.
(pdftex.def)             Requested size: 441.01773pt x 243.79439pt.

Underfull \hbox (badness 10000) in paragraph at lines 516--522

 []

[32 <./abb/kompo.png>]) [33] (5_realisierung-und-Implementierung.tex
Underfull \hbox (badness 10000) in paragraph at lines 7--15

 []


(C:\Users\Christine\AppData\Local\Programs\MiKTeX\tex/latex/listings\lstlang1.s
ty
File: lstlang1.sty 2020/03/24 1.8d listings language file
)
Overfull \hbox (3.65045pt too wide) in paragraph at lines 38--44
\T1/lmr/m/n/12 Folgende Da-ten-ty-pen wer-den ein-ge-setzt, int (Zahl, von -2.1
47.483.648 bis 2.147.483.647),
 []

[34]
Underfull \hbox (badness 10000) in paragraph at lines 64--70

 []


Underfull \hbox (badness 10000) in paragraph at lines 64--70

 []

[35]
<abb/erstellteTabellen.png, id=653, 708.39656pt x 342.5297pt>
File: abb/erstellteTabellen.png Graphic file (type png)
<use abb/erstellteTabellen.png>
Package pdftex.def Info: abb/erstellteTabellen.png  used on input line 74.
(pdftex.def)             Requested size: 441.01773pt x 213.2495pt.

Underfull \hbox (badness 10000) in paragraph at lines 84--86

 []


Underfull \hbox (badness 10000) in paragraph at lines 95--103

 []


Underfull \hbox (badness 10000) in paragraph at lines 95--103

 []

[36 <./abb/erstellteTabellen.png>]
Underfull \hbox (badness 10000) in paragraph at lines 106--109

 []

[37]
Underfull \hbox (badness 10000) in paragraph at lines 134--149

 []


Underfull \hbox (badness 10000) in paragraph at lines 134--149

 []


Underfull \hbox (badness 10000) in paragraph at lines 134--149

 []


Underfull \hbox (badness 10000) in paragraph at lines 134--149

 []


Underfull \hbox (badness 10000) in paragraph at lines 134--149

 []

[38]
Underfull \hbox (badness 10000) in paragraph at lines 189--195

 []

[39]
Underfull \hbox (badness 10000) in paragraph at lines 232--244

 []


Underfull \hbox (badness 10000) in paragraph at lines 232--244

 []

[40]
Underfull \hbox (badness 10000) in paragraph at lines 282--285

 []


Underfull \hbox (badness 10000) in paragraph at lines 282--285

 []

[41]
Underfull \hbox (badness 10000) in paragraph at lines 286--295

 []


Underfull \hbox (badness 10000) in paragraph at lines 286--295

 []


(C:\Users\Christine\AppData\Local\Programs\MiKTeX\tex/latex/listings\lstlang1.s
ty
File: lstlang1.sty 2020/03/24 1.8d listings language file
)
(C:\Users\Christine\AppData\Local\Programs\MiKTeX\tex/latex/listings\lstmisc.st
y
File: lstmisc.sty 2020/03/24 1.8d (Carsten Heinz)
)
Underfull \hbox (badness 10000) in paragraph at lines 318--324

 []

[42]
Underfull \hbox (badness 10000) in paragraph at lines 340--347

 []


Overfull \hbox (2.98466pt too wide) in paragraph at lines 365--369
\T1/lmr/m/n/12 In Zei-le 7 wird ei-ne If-Abfrage durch-ge-führt, da-bei wird üb
er-prüft, ob goods.goodsActive
 []

[43] [44])
Underfull \hbox (badness 10000) in paragraph at lines 452--324

 []


Underfull \hbox (badness 10000) in paragraph at lines 452--324

 []

[45] [46] (6_testen-der-Anwendung.tex
Overfull \hbox (48.22322pt too wide) in paragraph at lines 7--62
[][]
 []


Underfull \hbox (badness 10000) in paragraph at lines 66--70

 []


Underfull \hbox (badness 10000) in paragraph at lines 66--70

 []

[47])
Underfull \hbox (badness 10000) in paragraph at lines 71--327

 []


Underfull \hbox (badness 10000) in paragraph at lines 71--327

 []

[48] (7_zusammenfassung.tex
Underfull \hbox (badness 10000) in paragraph at lines 7--23

 []


Underfull \hbox (badness 10000) in paragraph at lines 7--23

 []


Underfull \hbox (badness 10000) in paragraph at lines 7--23

 []


Underfull \hbox (badness 10000) in paragraph at lines 7--23

 []

[49])
Underfull \hbox (badness 10000) in paragraph at lines 38--333

 []

[50] (Hauptdatei.bbl
Underfull \hbox (badness 10000) in paragraph at lines 18--23
[]\T1/lmr/m/it/12 Webentwicklung mit dem JavaScript-Framework An-gu-lar von Goo
-
 []


Underfull \hbox (badness 3039) in paragraph at lines 18--23
\T1/lmr/m/it/12 gle\T1/lmr/m/n/12 .  []$\T1/lmtt/m/n/12 https : / / bmu -[] ver
lag . de / webentwicklung -[] mit -[] dem -[] javascript -[]
 []


Underfull \hbox (badness 3482) in paragraph at lines 47--51
[]\T1/lmr/m/it/12 Was ist ei-gent-lich Vue.js?  []$\T1/lmtt/m/n/12 https : / / 
t3n . de / news / vuejs -[] 1097879/$[]\T1/lmr/m/n/12 .
 []


Underfull \hbox (badness 1939) in paragraph at lines 61--66
[]\T1/lmr/m/it/12 Angular vs. Re-act vs. Vue.js  Ja-vaS-cript Fron-tend Fra-me
-works im
 []


Underfull \hbox (badness 2478) in paragraph at lines 61--66
\T1/lmr/m/it/12 Ver-gleich\T1/lmr/m/n/12 .  []$\T1/lmtt/m/n/12 https : / / tapp
ert -[] it . de / 2020 / 01 / 01 / angular -[] react -[] vue -[]
 []


Underfull \hbox (badness 1052) in paragraph at lines 81--85
[]\T1/lmr/m/it/12 Welche Vor-tei-le bie-tet Vue.js 3 für Ent-wick-ler?  []$\T1/
lmtt/m/n/12 https : / / vuejs . de /
 []


Underfull \hbox (badness 1902) in paragraph at lines 92--97
[]\T1/lmr/m/it/12 SPA Fra-me-works - ein Ver-gleich zwi-schen An-gu-lar, Re-act
 und Vue\T1/lmr/m/n/12 .
 []


Underfull \hbox (badness 10000) in paragraph at lines 92--97
[]$\T1/lmtt/m/n/12 https : / / www . snipclip . com / blog / spa -[] frameworks
 -[] ein -[] vergleich -[]
 []


Underfull \hbox (badness 10000) in paragraph at lines 99--104
\T1/lmtt/m/n/12 de / artikel / angular -[] vs -[] react -[] vs -[] vue -[] js -
[] was -[] ist -[] das -[] beste -[]
 []


Underfull \hbox (badness 10000) in paragraph at lines 106--111
[]\T1/lmr/m/it/12 SQL, MyS-QL und MS-SQL\T1/lmr/m/n/12 .  []$\T1/lmtt/m/n/12 ht
tps : / / www . bitfarm -[] archiv . de /
 []


Underfull \hbox (badness 2334) in paragraph at lines 106--111
\T1/lmtt/m/n/12 dokumentenmanagement / glossar / sql -[] mysql . html$[]\T1/lmr
/m/n/12 . --  Ein-ge-se-hen am
 []

[51]
Underfull \hbox (badness 10000) in paragraph at lines 115--120
\T1/lmtt/m/n/12 de / Content / DE / Downloads / BMF _ Schreiben / Weitere _ Ste
uerthemen /
 []


Underfull \hbox (badness 10000) in paragraph at lines 115--120
\T1/lmtt/m/n/12 Abgabenordnung / AO -[] Anwendungserlass / 2018 -[] 06 -[] 19 -
[] aenderung -[]
 []


Underfull \hbox (badness 10000) in paragraph at lines 115--120
\T1/lmtt/m/n/12 anwendungserlass -[] abgabenordnung -[] Einzelaufzeichnungspfli
cht .
 []


Underfull \hbox (badness 10000) in paragraph at lines 136--141
\T1/lmtt/m/n/12 de / digitalguide / hosting / hosting -[] technik / normalisier
ung -[] von -[]
 []


Underfull \hbox (badness 3492) in paragraph at lines 149--154
[]\T1/lmr/m/it/12 Vergleich der Sys-te-mei-gen-schaf-ten Ma-riaDB vs. MyS-QL vs
. Oracle\T1/lmr/m/n/12 .
 []


Underfull \hbox (badness 10000) in paragraph at lines 149--154
[]$\T1/lmtt/m/n/12 https : / / www . datenbanken -[] verstehen . de / datenmode
llierung /
 []


Underfull \hbox (badness 10000) in paragraph at lines 156--159
[]\T1/lmr/m/it/12 Dritte Nor-mal-form (3NF)\T1/lmr/m/n/12 .  []$\T1/lmtt/m/n/12
 https : / / db -[] engines . com / de / system /
 []


Underfull \hbox (badness 10000) in paragraph at lines 161--165
[]\T1/lmr/m/it/12 XAMPP\T1/lmr/m/n/12 .  []$\T1/lmtt/m/n/12 https : / / www . h
eise . de / download / product / xampp -[] 10929$[]\T1/lmr/m/n/12 .
 []


Underfull \hbox (badness 4899) in paragraph at lines 182--187
[]\T1/lmr/m/it/12 Neue und in-no-va-ti-ve For-men der Di-rekt-ver-mark-tung lan
d-wirt-schaft-
 []


Underfull \hbox (badness 7064) in paragraph at lines 182--187
\T1/lmr/m/it/12 li-cher Pro-duk-te - Ana-ly-se und Er-ar-bei-tung von Hand-lung
s-emp-feh-
 []

[52]
Underfull \hbox (badness 10000) in paragraph at lines 200--205
\T1/lmtt/m/n/12 projekt -[] akademie . de / 2020 / 03 / pm -[] verstehen -[] fu
nktionale -[] und -[]
 []


Underfull \hbox (badness 3861) in paragraph at lines 207--212
[]\T1/lmr/m/it/12 Fachliche ER-läu-te-run-gen zu Kas-se: Ver-tau-ens-kas-se\T1/
lmr/m/n/12 .  []$\T1/lmtt/m/n/12 https : / / www .
 []


Underfull \hbox (badness 10000) in paragraph at lines 207--212
\T1/lmtt/m/n/12 verfahrensdokumentation . services / files / erlaeuterungen / k
asse -[]
 []


Underfull \hbox (badness 10000) in paragraph at lines 219--222
[]\T1/lmr/m/it/12 Vertrauenskasse (Deutsch)\T1/lmr/m/n/12 .  []$\T1/lmtt/m/n/12
 https : / / www . wortbedeutung . info /
 []


Underfull \hbox (badness 10000) in paragraph at lines 224--229
\T1/lmtt/m/n/12 direktvermarkter . de / fileadmin / Dokumente / PDF _ Unterlage
n / Def _ DV .
 []


Underfull \hbox (badness 10000) in paragraph at lines 237--242
\T1/lmtt/m/n/12 rlp . de / Beratung / EA / PDF / DV / DV _ 01 . 1 _ Recht _ Ueb
ersicht . pdf$[]\T1/lmr/m/n/12 .
 []


Underfull \hbox (badness 10000) in paragraph at lines 244--249
[]\T1/lmr/m/it/12 Merkblatt Di-rekt-ver-mark-tung land-wirt-schaft-li-cher Er-z
eug-nis-se\T1/lmr/m/n/12 .
 []


Underfull \hbox (badness 10000) in paragraph at lines 244--249
[]$\T1/lmtt/m/n/12 https : / / www . landkreis -[] ansbach . de / media / custo
m / 2238 _ 2539 _ 1 .
 []


Underfull \hbox (badness 1454) in paragraph at lines 258--263
[]\T1/lmr/m/sc/12 Horn\T1/lmr/m/n/12 , Tors-ten:  \T1/lmr/m/it/12 SQL-Grundlage
n\T1/lmr/m/n/12 .  []$\T1/lmtt/m/n/12 https : / / www . torsten -[] horn . de /

 []


Underfull \hbox (badness 10000) in paragraph at lines 283--287
[]\T1/lmr/m/it/12 Abbildung\T1/lmr/m/n/12 .  []$\T1/lmtt/m/n/12 https : / / www
 . itwissen . info / mapping -[] Abbildung . html$[]\T1/lmr/m/n/12 .
 []


Underfull \hbox (badness 1502) in paragraph at lines 289--294
[]\T1/lmr/m/sc/12 Oracle\T1/lmr/m/n/12 :  \T1/lmr/m/it/12 Was ist ei-ne re-la-t
io-na-le Da-ten-bank?  \T1/lmr/m/n/12 Markt + Tech-nik
 []


Underfull \hbox (badness 1168) in paragraph at lines 289--294
\T1/lmr/m/n/12 Ver-lag []$\T1/lmtt/m/n/12 https : / / www . oracle . com / de /
 database / what -[] is -[] a -[] relational -[]
 []


Underfull \hbox (badness 10000) in paragraph at lines 296--301
[]\T1/lmr/m/it/12 Direktvermarktung :Der Ein-kauf beim Bau-ern liegt im Trend\T
1/lmr/m/n/12 .
 []


Underfull \hbox (badness 10000) in paragraph at lines 296--301
[]$\T1/lmtt/m/n/12 https : / / www . bzfe . de / nachhaltiger -[] konsum / eink
aufsorte -[] finden /
 []

[53]
Underfull \hbox (badness 1635) in paragraph at lines 310--313
[]\T1/lmr/m/it/12 REST-API: De-fi-ni-ti-on, Funk-tio-nen und Be-din-gun-gen\T1/
lmr/m/n/12 .  []$\T1/lmtt/m/n/12 https : / / www .
 []


Underfull \hbox (badness 6510) in paragraph at lines 310--313
\T1/lmtt/m/n/12 talend . com / de / resources / was -[] ist -[] rest -[] api/$[
]\T1/lmr/m/n/12 . --  Ein-ge-se-hen am
 []


Underfull \hbox (badness 2846) in paragraph at lines 315--320
\T1/lmtt/m/n/12 ist -[] eine -[] rest -[] api -[] a -[] 611116/$[]\T1/lmr/m/n/1
2 .  Version:2017. --  Ein-ge-se-hen am
 []


Underfull \hbox (badness 10000) in paragraph at lines 328--333
[]\T1/lmr/m/it/12 Selbstbedienung (SB)\T1/lmr/m/n/12 .  []$\T1/lmtt/m/n/12 http
 : / / www . wirtschaftslexikon24 . com / e /
 []


Underfull \hbox (badness 6758) in paragraph at lines 328--333
\T1/lmtt/m/n/12 selbstbedienung -[] sb / selbstbedienung -[] sb . htm$[]\T1/lmr
/m/n/12 . --  Ein-ge-se-hen am
 []


Underfull \hbox (badness 10000) in paragraph at lines 335--339
[]\T1/lmr/m/it/12 Was ist ein Pa-ket\T1/lmr/m/n/12 .  []$\T1/lmtt/m/n/12 https 
: / / www . java -[] tutorial . org /
 []


Underfull \hbox (badness 10000) in paragraph at lines 353--358
\T1/lmtt/m/n/12 de / developer / artikel / Spring -[] Boot -[] Vom -[] Hype -[]
 zur -[] etablierten -[]
 []


Underfull \hbox (badness 2205) in paragraph at lines 360--365
[]\T1/lmr/m/it/12 Spring  das Fra-me-work für kom-ple-xe Java-Applikationen\T1
/lmr/m/n/12 .  []$\T1/lmtt/m/n/12 https :
 []


Underfull \hbox (badness 10000) in paragraph at lines 360--365
\T1/lmtt/m/n/12 / / www . ionos . de / digitalguide / websites / web -[] entwic
klung / spring -[]
 []


Underfull \hbox (badness 10000) in paragraph at lines 374--379
[]\T1/lmr/m/it/12 Core Tech-no-lo-gies\T1/lmr/m/n/12 .  []$\T1/lmtt/m/n/12 http
s : / / docs . spring . io / spring -[] framework /
 []


Underfull \hbox (badness 10000) in paragraph at lines 374--379
\T1/lmtt/m/n/12 docs / current / reference / html / core . html # beans -[] int
roduction$[]\T1/lmr/m/n/12 .
 []


Underfull \hbox (badness 10000) in paragraph at lines 388--392
[]\T1/lmr/m/it/12 HTTP/Statuscodes\T1/lmr/m/n/12 .  []$\T1/lmtt/m/n/12 https : 
/ / wiki . selfhtml . org / wiki / HTTP /
 []

[54]
Underfull \hbox (badness 1424) in paragraph at lines 412--417
[]\T1/lmr/m/it/12 Aktuelle Um-fra-ge be-stä-tigt Er-näh-rungs-po-li-tik\T1/lmr/
m/n/12 .  []$\T1/lmtt/m/n/12 https : / / www . bmel . de /
 []


Underfull \hbox (badness 10000) in paragraph at lines 412--417
\T1/lmtt/m/n/12 SharedDocs / Pressemitteilungen / DE / 2021 / 089 -[] ernaehrun
gsreport .
 []


Underfull \hbox (badness 6016) in paragraph at lines 421--426
\T1/lmr/m/it/12 2020\T1/lmr/m/n/12 .  []$\T1/lmtt/m/n/12 https : / / de . stati
sta . com / statistik / daten / studie / 826841 /
 []


Underfull \hbox (badness 10000) in paragraph at lines 421--426
\T1/lmtt/m/n/12 umfrage / umfrage -[] in -[] deutschland -[] zum -[] kauf -[] v
on -[] produkten -[] aus -[] der -[]
 []

) [55] (anhang/anhang.tex (anhang/Tabellen.tex [56]) [57]
(anhang/QuellcodeServer.tex [58] [59] [60]
Overfull \hbox (57.78714pt too wide) in paragraph at lines 151--152
[][] 
 []

[61] [62] [63] [64] [65] [66] [67] [68] [69]) [70]) (erklaerung.tex
Overfull \hbox (45.0902pt too wide) detected at line 23
[]
 []

<abb/unterschrift.jpeg, id=1713, 323.70938pt x 143.78719pt>
File: abb/unterschrift.jpeg Graphic file (type jpg)
<use abb/unterschrift.jpeg>
Package pdftex.def Info: abb/unterschrift.jpeg  used on input line 27.
(pdftex.def)             Requested size: 123.48253pt x 54.84813pt.
<abb/ort.jpeg, id=1714, 499.11469pt x 235.63031pt>
File: abb/ort.jpeg Graphic file (type jpg)
<use abb/ort.jpeg>
Package pdftex.def Info: abb/ort.jpeg  used on input line 31.
(pdftex.def)             Requested size: 105.8437pt x 49.9656pt.
) [71 <./abb/unterschrift.jpeg> <./abb/ort.jpeg>] (Hauptdatei.aux)

LaTeX Warning: There were multiply-defined labels.

Package rerunfilecheck Info: File `Hauptdatei.out' has not changed.
(rerunfilecheck)             Checksum: D41D8CD98F00B204E9800998ECF8427E;0.
 ) 
Here is how much of TeX's memory you used:
 20100 strings out of 478847
 334100 string characters out of 2846490
 1270942 words of memory out of 3000000
 36586 multiletter control sequences out of 15000+600000
 477925 words of font info for 79 fonts, out of 8000000 for 9000
 1145 hyphenation exceptions out of 8191
 108i,15n,108p,10607b,1984s stack positions out of 5000i,500n,10000p,200000b,80000s
{C:/Users/Christine/AppData/Local/Programs/MiKTeX/fonts/enc/dvips/lm/lm-rm.en
c}{C:/Users/Christine/AppData/Local/Programs/MiKTeX/fonts/enc/dvips/lm/lm-mathi
t.enc}{C:/Users/Christine/AppData/Local/Programs/MiKTeX/fonts/enc/dvips/lm/lm-e
c.enc}{C:/Users/Christine/AppData/Local/Programs/MiKTeX/fonts/enc/dvips/lm/lm-t
s1.enc}<C:/Users/Christine/AppData/Local/Programs/MiKTeX/fonts/type1/public/lm/
lmbx12.pfb><C:/Users/Christine/AppData/Local/Programs/MiKTeX/fonts/type1/public
/lm/lmcsc10.pfb><C:/Users/Christine/AppData/Local/Programs/MiKTeX/fonts/type1/p
ublic/lm/lmmi12.pfb><C:/Users/Christine/AppData/Local/Programs/MiKTeX/fonts/typ
e1/public/lm/lmr10.pfb><C:/Users/Christine/AppData/Local/Programs/MiKTeX/fonts/
type1/public/lm/lmr12.pfb><C:/Users/Christine/AppData/Local/Programs/MiKTeX/fon
ts/type1/public/lm/lmr17.pfb><C:/Users/Christine/AppData/Local/Programs/MiKTeX/
fonts/type1/public/lm/lmr6.pfb><C:/Users/Christine/AppData/Local/Programs/MiKTe
X/fonts/type1/public/lm/lmr7.pfb><C:/Users/Christine/AppData/Local/Programs/MiK
TeX/fonts/type1/public/lm/lmr8.pfb><C:/Users/Christine/AppData/Local/Programs/M
iKTeX/fonts/type1/public/lm/lmri12.pfb><C:/Users/Christine/AppData/Local/Progra
ms/MiKTeX/fonts/type1/public/lm/lmssbx10.pfb><C:/Users/Christine/AppData/Local/
Programs/MiKTeX/fonts/type1/public/lm/lmtt10.pfb><C:/Users/Christine/AppData/Lo
cal/Programs/MiKTeX/fonts/type1/public/lm/lmtt12.pfb>
Output written on Hauptdatei.pdf (78 pages, 1688338 bytes).
PDF statistics:
 2131 PDF objects out of 2487 (max. 8388607)
 1041 named destinations out of 1200 (max. 500000)
 428 words of extra memory for PDF output out of 10000 (max. 10000000)

